
8월 13, 2019 16:09:47.19 NEW SESSION
8월 13, 2019 16:09:47.19 [16652:13352:0813/160947.163:ERROR:browser_process_sub_thread.cc(203)] Waited 16 ms for network service
8월 13, 2019 16:09:47.20 
8월 13, 2019 16:09:47.21 KLIB_SelfTest return : KLR_OK
8월 13, 2019 17:56:18.09 [7440:24308:0813/175618.098:ERROR:audio_manager_base.cc(363)] Invalid audio output parameters received; using fake audio path: format: 0, channel_layout: 0, channels: 0, sample_rate: 0, frames_per_buffer: 0, effects: 0, mic_positions: 
8월 13, 2019 18:13:02.26 [7440:24308:0813/181302.263:ERROR:audio_manager_base.cc(363)] Invalid audio output parameters received; using fake audio path: format: 0, channel_layout: 0, channels: 0, sample_rate: 0, frames_per_buffer: 0, effects: 0, mic_positions: 
8월 13, 2019 19:02:55.44 [7440:24308:0813/190255.440:ERROR:audio_manager_base.cc(363)] Invalid audio output parameters received; using fake audio path: format: 0, channel_layout: 0, channels: 0, sample_rate: 0, frames_per_buffer: 0, effects: 0, mic_positions: 
8월 13, 2019 19:03:01.23 [7440:24308:0813/190301.233:ERROR:audio_manager_base.cc(363)] Invalid audio output parameters received; using fake audio path: format: 0, channel_layout: 0, channels: 0, sample_rate: 0, frames_per_buffer: 0, effects: 0, mic_positions: 
8월 13, 2019 19:14:27.90 [7440:24308:0813/191427.906:ERROR:audio_manager_base.cc(363)] Invalid audio output parameters received; using fake audio path: format: 0, channel_layout: 0, channels: 0, sample_rate: 0, frames_per_buffer: 0, effects: 0, mic_positions: 
8월 13, 2019 19:14:30.96 [7440:24308:0813/191430.963:ERROR:audio_manager_base.cc(363)] Invalid audio output parameters received; using fake audio path: format: 0, channel_layout: 0, channels: 0, sample_rate: 0, frames_per_buffer: 0, effects: 0, mic_positions: 
8월 13, 2019 20:10:29.58 [7440:24308:0813/201029.581:ERROR:audio_manager_base.cc(363)] Invalid audio output parameters received; using fake audio path: format: 0, channel_layout: 0, channels: 0, sample_rate: 0, frames_per_buffer: 0, effects: 0, mic_positions: 
8월 13, 2019 21:32:00.34 [7440:24308:0813/213200.345:ERROR:audio_manager_base.cc(363)] Invalid audio output parameters received; using fake audio path: format: 0, channel_layout: 0, channels: 0, sample_rate: 0, frames_per_buffer: 0, effects: 0, mic_positions: 
8월 13, 2019 21:32:00.38 [7440:24308:0813/213200.389:ERROR:audio_manager_base.cc(363)] Invalid audio output parameters received; using fake audio path: format: 0, channel_layout: 0, channels: 0, sample_rate: 0, frames_per_buffer: 0, effects: 0, mic_positions: 
8월 13, 2019 21:32:55.17 [7440:24308:0813/213255.172:ERROR:audio_manager_base.cc(363)] Invalid audio output parameters received; using fake audio path: format: 0, channel_layout: 0, channels: 0, sample_rate: 0, frames_per_buffer: 0, effects: 0, mic_positions: 
8월 13, 2019 21:33:07.74 [7440:24308:0813/213307.743:ERROR:audio_manager_base.cc(363)] Invalid audio output parameters received; using fake audio path: format: 0, channel_layout: 0, channels: 0, sample_rate: 0, frames_per_buffer: 0, effects: 0, mic_positions: 
8월 13, 2019 21:33:50.00 [7440:24308:0813/213350.002:ERROR:audio_manager_base.cc(363)] Invalid audio output parameters received; using fake audio path: format: 0, channel_layout: 0, channels: 0, sample_rate: 0, frames_per_buffer: 0, effects: 0, mic_positions: 
8월 13, 2019 21:34:15.11 [7440:24308:0813/213415.116:ERROR:audio_manager_base.cc(363)] Invalid audio output parameters received; using fake audio path: format: 0, channel_layout: 0, channels: 0, sample_rate: 0, frames_per_buffer: 0, effects: 0, mic_positions: 
8월 13, 2019 21:34:45.04 [7440:24308:0813/213445.047:ERROR:audio_manager_base.cc(363)] Invalid audio output parameters received; using fake audio path: format: 0, channel_layout: 0, channels: 0, sample_rate: 0, frames_per_buffer: 0, effects: 0, mic_positions: 
8월 13, 2019 21:35:22.41 [7440:24308:0813/213522.410:ERROR:audio_manager_base.cc(363)] Invalid audio output parameters received; using fake audio path: format: 0, channel_layout: 0, channels: 0, sample_rate: 0, frames_per_buffer: 0, effects: 0, mic_positions: 
8월 13, 2019 21:35:39.82 [7440:24308:0813/213539.822:ERROR:audio_manager_base.cc(363)] Invalid audio output parameters received; using fake audio path: format: 0, channel_layout: 0, channels: 0, sample_rate: 0, frames_per_buffer: 0, effects: 0, mic_positions: 
8월 13, 2019 21:36:29.69 [7440:24308:0813/213629.691:ERROR:audio_manager_base.cc(363)] Invalid audio output parameters received; using fake audio path: format: 0, channel_layout: 0, channels: 0, sample_rate: 0, frames_per_buffer: 0, effects: 0, mic_positions: 
8월 13, 2019 21:36:34.50 [7440:24308:0813/213634.501:ERROR:audio_manager_base.cc(363)] Invalid audio output parameters received; using fake audio path: format: 0, channel_layout: 0, channels: 0, sample_rate: 0, frames_per_buffer: 0, effects: 0, mic_positions: 
8월 13, 2019 21:37:29.26 [7440:24308:0813/213729.265:ERROR:audio_manager_base.cc(363)] Invalid audio output parameters received; using fake audio path: format: 0, channel_layout: 0, channels: 0, sample_rate: 0, frames_per_buffer: 0, effects: 0, mic_positions: 
8월 13, 2019 21:37:37.07 [7440:24308:0813/213737.075:ERROR:audio_manager_base.cc(363)] Invalid audio output parameters received; using fake audio path: format: 0, channel_layout: 0, channels: 0, sample_rate: 0, frames_per_buffer: 0, effects: 0, mic_positions: 
8월 13, 2019 21:38:24.00 [7440:24308:0813/213824.005:ERROR:audio_manager_base.cc(363)] Invalid audio output parameters received; using fake audio path: format: 0, channel_layout: 0, channels: 0, sample_rate: 0, frames_per_buffer: 0, effects: 0, mic_positions: 
8월 13, 2019 21:38:44.48 [7440:24308:0813/213844.488:ERROR:audio_manager_base.cc(363)] Invalid audio output parameters received; using fake audio path: format: 0, channel_layout: 0, channels: 0, sample_rate: 0, frames_per_buffer: 0, effects: 0, mic_positions: 
8월 13, 2019 21:39:18.89 [7440:24308:0813/213918.891:ERROR:audio_manager_base.cc(363)] Invalid audio output parameters received; using fake audio path: format: 0, channel_layout: 0, channels: 0, sample_rate: 0, frames_per_buffer: 0, effects: 0, mic_positions: 
8월 13, 2019 21:39:51.78 [7440:24308:0813/213951.784:ERROR:audio_manager_base.cc(363)] Invalid audio output parameters received; using fake audio path: format: 0, channel_layout: 0, channels: 0, sample_rate: 0, frames_per_buffer: 0, effects: 0, mic_positions: 
8월 13, 2019 21:40:13.77 [7440:24308:0813/214013.777:ERROR:audio_manager_base.cc(363)] Invalid audio output parameters received; using fake audio path: format: 0, channel_layout: 0, channels: 0, sample_rate: 0, frames_per_buffer: 0, effects: 0, mic_positions: 
8월 13, 2019 21:40:59.11 [7440:24308:0813/214059.118:ERROR:audio_manager_base.cc(363)] Invalid audio output parameters received; using fake audio path: format: 0, channel_layout: 0, channels: 0, sample_rate: 0, frames_per_buffer: 0, effects: 0, mic_positions: 
8월 13, 2019 21:41:08.53 [7440:24308:0813/214108.539:ERROR:audio_manager_base.cc(363)] Invalid audio output parameters received; using fake audio path: format: 0, channel_layout: 0, channels: 0, sample_rate: 0, frames_per_buffer: 0, effects: 0, mic_positions: 
8월 13, 2019 21:42:03.27 [7440:24308:0813/214203.270:ERROR:audio_manager_base.cc(363)] Invalid audio output parameters received; using fake audio path: format: 0, channel_layout: 0, channels: 0, sample_rate: 0, frames_per_buffer: 0, effects: 0, mic_positions: 
8월 13, 2019 21:42:06.69 [7440:24308:0813/214206.690:ERROR:audio_manager_base.cc(363)] Invalid audio output parameters received; using fake audio path: format: 0, channel_layout: 0, channels: 0, sample_rate: 0, frames_per_buffer: 0, effects: 0, mic_positions: 
8월 13, 2019 21:42:57.97 [7440:24308:0813/214257.974:ERROR:audio_manager_base.cc(363)] Invalid audio output parameters received; using fake audio path: format: 0, channel_layout: 0, channels: 0, sample_rate: 0, frames_per_buffer: 0, effects: 0, mic_positions: 
8월 13, 2019 21:43:13.95 [7440:24308:0813/214313.950:ERROR:audio_manager_base.cc(363)] Invalid audio output parameters received; using fake audio path: format: 0, channel_layout: 0, channels: 0, sample_rate: 0, frames_per_buffer: 0, effects: 0, mic_positions: 
8월 13, 2019 21:43:53.04 [7440:24308:0813/214353.047:ERROR:audio_manager_base.cc(363)] Invalid audio output parameters received; using fake audio path: format: 0, channel_layout: 0, channels: 0, sample_rate: 0, frames_per_buffer: 0, effects: 0, mic_positions: 
8월 13, 2019 21:44:21.26 [7440:24308:0813/214421.259:ERROR:audio_manager_base.cc(363)] Invalid audio output parameters received; using fake audio path: format: 0, channel_layout: 0, channels: 0, sample_rate: 0, frames_per_buffer: 0, effects: 0, mic_positions: 
8월 13, 2019 21:44:47.75 [7440:24308:0813/214447.755:ERROR:audio_manager_base.cc(363)] Invalid audio output parameters received; using fake audio path: format: 0, channel_layout: 0, channels: 0, sample_rate: 0, frames_per_buffer: 0, effects: 0, mic_positions: 
8월 13, 2019 21:45:28.49 [7440:24308:0813/214528.495:ERROR:audio_manager_base.cc(363)] Invalid audio output parameters received; using fake audio path: format: 0, channel_layout: 0, channels: 0, sample_rate: 0, frames_per_buffer: 0, effects: 0, mic_positions: 
8월 13, 2019 21:45:42.48 [7440:24308:0813/214542.480:ERROR:audio_manager_base.cc(363)] Invalid audio output parameters received; using fake audio path: format: 0, channel_layout: 0, channels: 0, sample_rate: 0, frames_per_buffer: 0, effects: 0, mic_positions: 
8월 13, 2019 21:46:35.81 [7440:24308:0813/214635.811:ERROR:audio_manager_base.cc(363)] Invalid audio output parameters received; using fake audio path: format: 0, channel_layout: 0, channels: 0, sample_rate: 0, frames_per_buffer: 0, effects: 0, mic_positions: 
8월 13, 2019 21:46:37.16 [7440:24308:0813/214637.161:ERROR:audio_manager_base.cc(363)] Invalid audio output parameters received; using fake audio path: format: 0, channel_layout: 0, channels: 0, sample_rate: 0, frames_per_buffer: 0, effects: 0, mic_positions: 
8월 13, 2019 21:47:31.87 [7440:24308:0813/214731.878:ERROR:audio_manager_base.cc(363)] Invalid audio output parameters received; using fake audio path: format: 0, channel_layout: 0, channels: 0, sample_rate: 0, frames_per_buffer: 0, effects: 0, mic_positions: 
8월 13, 2019 21:47:43.11 [7440:24308:0813/214743.112:ERROR:audio_manager_base.cc(363)] Invalid audio output parameters received; using fake audio path: format: 0, channel_layout: 0, channels: 0, sample_rate: 0, frames_per_buffer: 0, effects: 0, mic_positions: 
8월 13, 2019 21:48:26.85 [7440:24308:0813/214826.857:ERROR:audio_manager_base.cc(363)] Invalid audio output parameters received; using fake audio path: format: 0, channel_layout: 0, channels: 0, sample_rate: 0, frames_per_buffer: 0, effects: 0, mic_positions: 
8월 13, 2019 21:48:50.44 [7440:24308:0813/214850.441:ERROR:audio_manager_base.cc(363)] Invalid audio output parameters received; using fake audio path: format: 0, channel_layout: 0, channels: 0, sample_rate: 0, frames_per_buffer: 0, effects: 0, mic_positions: 
8월 13, 2019 21:49:21.62 [7440:24308:0813/214921.629:ERROR:audio_manager_base.cc(363)] Invalid audio output parameters received; using fake audio path: format: 0, channel_layout: 0, channels: 0, sample_rate: 0, frames_per_buffer: 0, effects: 0, mic_positions: 
8월 13, 2019 21:49:57.78 [7440:24308:0813/214957.782:ERROR:audio_manager_base.cc(363)] Invalid audio output parameters received; using fake audio path: format: 0, channel_layout: 0, channels: 0, sample_rate: 0, frames_per_buffer: 0, effects: 0, mic_positions: 
8월 13, 2019 21:50:22.44 [7440:12008:0813/215022.440:ERROR:browser_process_sub_thread.cc(203)] Waited 12 ms for network service
8월 13, 2019 21:50:22.48 
8월 13, 2019 21:50:22.49 KLIB_SelfTest return : KLR_OK

8월 21, 2019 21:09:42.72 NEW SESSION
8월 21, 2019 21:09:42.72 [14564:15160:0821/210942.718:ERROR:browser_process_sub_thread.cc(203)] Waited 9 ms for network service
8월 21, 2019 21:09:42.74 
8월 21, 2019 21:09:42.74 KLIB_SelfTest return : KLR_OK

8월 22, 2019 17:02:40.57 NEW SESSION
8월 22, 2019 17:02:40.57 [16232:10144:0822/170240.561:ERROR:browser_process_sub_thread.cc(203)] Waited 7 ms for network service
8월 22, 2019 17:02:40.60 
8월 22, 2019 17:02:40.61 KLIB_SelfTest return : KLR_OK
